pipewire
pipewire-alsa
pipewire-audio
pipewire-jack
pipewire-pulse
gst-plugin-pipewire
wireplumber
pavucontrol
pamixer
networkmanager
network-manager-applet
btop
bluez
bluez-utils
blueman
brightnessctl
udiskie

sddm-git
qt5-wayland
qt6-wayland
qt5-quickcontrols
qt5-quickcontrols2
qt5-graphicaleffects

hyprland
dunst
rofi-lbonn-wayland-git
waybar
swww
swaylock-effects-git
wlogout
grimblast-git
slurp
swappy
cliphist
hyprshade
emote

polkit-kde-agent
xdg-desktop-portal-hyprland
pacman-contrib
python-pyamdgpuinfo
parallel
jq
imagemagick
eog
qt5-imageformats
ffmpegthumbs
kde-cli-tools
libnotify

nwg-look
kvantum
kvantum-qt5
qt5ct
qt6ct
qt5-wayland
qt6-wayland

firefox
kitty
neofetch
thunar
visual-studio-code-bin
neovim
ark

zsh
eza
oh-my-zsh-git|zsh
zsh-theme-powerlevel10k-git|zsh oh-my-zsh-git
lsd
starship
fzf
fd
zoxide
bat
cava

fcitx5
fcitx5-qt
fcitx5-gtk
fcitx5-configtool

ttf-cascadia-code-nerd
ttf-jetbrains-mono-nerd
ttf-maple
ttf-mononoki-nerd
ttf-fira-code
noto-fonts
