${HOME}|.zshrc .p10k.zsh|zsh
${HOME}/.config|bat|bat
${HOME}/.config|cava|cava
${HOME}/.config|Code|Code
${HOME}/.config|dunst|dunst
${HOME}/.config/hypr|animations.conf hyprland.conf keybindings.conf windowrules.conf scripts themes |hyprland
${HOME}/.config|kitty|kitty
${HOME}/.config|Kvantum|Kvantum
${HOME}/.config|mpv|mpv
${HOME}/.config|neofetch|neofetch
${HOME}/.config|nvim|nvim
${HOME}/.config|qt5ct|qt5ct
${HOME}/.config|qt6ct|qt6ct
${HOME}/.config|rofi|rofi
${HOME}/.config|swaylock|swaylock-effects
${HOME}/.config|swww|swww
${HOME}/.config|waybar|waybar
${HOME}/.config|wlogout|wlogout
${HOME}/.config|nwg-look gtk-3.0 xsettingsd|nwg-look
${HOME}/.icons|default|nwg-look
${HOME}|.gtkrc-2.0|nwg-look
